<?xml version="1.0" encoding="UTF-8"?>
<!-- Generated by org.testng.reporters.JUnitXMLReporter -->
<testsuite ignored="0" hostname="DESKTOP-QAFREE4" failures="0" tests="5" name="Default test" time="130.818" errors="0" timestamp="2024-10-01T18:03:56 EET">
  <testcase classname="MyTestCases" name="printTheFeedBack" time="103.049"/>
  <testcase classname="MyTestCases" name="hotelTabAndSearchCities" time="2.81"/>
  <testcase classname="MyTestCases" name="vistorNumber" time="0.292"/>
  <testcase classname="MyTestCases" name="checkinDate" time="7.32"/>
  <testcase classname="MyTestCases" name="HotelPageISFullyLoaded" time="10.796"/>
</testsuite> <!-- Default test -->
